Apr 29 13:40:11 Updated: libgcc-4.8.5-36.el7_6.1.x86_64
Apr 29 13:40:12 Updated: 1:grub2-common-2.02-0.76.el7.centos.1.noarch
Apr 29 13:40:12 Updated: 1:grub2-pc-modules-2.02-0.76.el7.centos.1.noarch
Apr 29 13:40:12 Updated: 32:bind-license-9.9.4-73.el7_6.noarch
Apr 29 13:40:12 Updated: firewalld-filesystem-0.5.3-5.el7.noarch
Apr 29 13:40:12 Updated: kbd-legacy-1.15.5-15.el7.noarch
Apr 29 13:40:14 Updated: tzdata-2019a-1.el7.noarch
Apr 29 13:40:14 Updated: nss-softokn-freebl-3.36.0-5.el7_5.x86_64
Apr 29 13:40:21 Updated: glibc-common-2.17-260.el7_6.4.x86_64
Apr 29 13:40:22 Updated: glibc-2.17-260.el7_6.4.x86_64
Apr 29 13:40:23 Updated: bash-4.2.46-31.el7.x86_64
Apr 29 13:40:23 Updated: nspr-4.19.0-1.el7_5.x86_64
Apr 29 13:40:23 Updated: nss-util-3.36.0-1.1.el7_6.x86_64
Apr 29 13:40:23 Updated: libsepol-2.5-10.el7.x86_64
Apr 29 13:40:23 Updated: libselinux-2.5-14.1.el7.x86_64
Apr 29 13:40:23 Updated: zlib-1.2.7-18.el7.x86_64
Apr 29 13:40:23 Updated: audit-libs-2.8.4-4.el7.x86_64
Apr 29 13:40:23 Updated: libuuid-2.23.2-59.el7_6.1.x86_64
Apr 29 13:40:23 Updated: libcom_err-1.42.9-13.el7.x86_64
Apr 29 13:40:24 Updated: elfutils-libelf-0.172-2.el7.x86_64
Apr 29 13:40:24 Updated: libsemanage-2.5-14.el7.x86_64
Apr 29 13:40:24 Updated: file-libs-5.11-35.el7.x86_64
Apr 29 13:40:24 Updated: file-5.11-35.el7.x86_64
Apr 29 13:40:24 Updated: 1:findutils-4.5.11-6.el7.x86_64
Apr 29 13:40:24 Updated: nss-softokn-3.36.0-5.el7_5.x86_64
Apr 29 13:40:24 Updated: 2:ethtool-4.8-9.el7.x86_64
Apr 29 13:40:24 Updated: libss-1.42.9-13.el7.x86_64
Apr 29 13:40:24 Updated: e2fsprogs-libs-1.42.9-13.el7.x86_64
Apr 29 13:40:24 Installed: 2:libpng-1.5.13-7.el7_2.x86_64
Apr 29 13:40:25 Updated: freetype-2.8-12.el7_6.1.x86_64
Apr 29 13:40:25 Updated: GeoIP-1.5.0-13.el7.x86_64
Apr 29 13:40:25 Updated: kmod-libs-20-23.el7.x86_64
Apr 29 13:40:25 Updated: 2:tar-1.26-35.el7.x86_64
Apr 29 13:40:25 Updated: libselinux-utils-2.5-14.1.el7.x86_64
Apr 29 13:40:25 Updated: 2:vim-minimal-7.4.160-5.el7.x86_64
Apr 29 13:40:26 Updated: ca-certificates-2018.2.22-70.0.el7_5.noarch
Apr 29 13:40:27 Updated: coreutils-8.22-23.el7.x86_64
Apr 29 13:40:28 Updated: krb5-libs-1.15.1-37.el7_6.x86_64
Apr 29 13:40:28 Updated: 1:openssl-libs-1.0.2k-16.el7_6.1.x86_64
Apr 29 13:40:28 Updated: libblkid-2.23.2-59.el7_6.1.x86_64
Apr 29 13:40:28 Updated: centos-release-7-6.1810.2.el7.centos.x86_64
Apr 29 13:40:28 Updated: libmount-2.23.2-59.el7_6.1.x86_64
Apr 29 13:40:29 Updated: glib2-2.56.1-2.el7.x86_64
Apr 29 13:40:32 Updated: python-libs-2.7.5-77.el7_6.x86_64
Apr 29 13:40:32 Updated: python-2.7.5-77.el7_6.x86_64
Apr 29 13:40:32 Updated: python-perf-3.10.0-957.10.1.el7.x86_64
Apr 29 13:40:32 Updated: python-urlgrabber-3.10-9.el7.noarch
Apr 29 13:40:32 Updated: python-linux-procfs-0.4.9-4.el7.noarch
Apr 29 13:40:33 Updated: python-firewall-0.5.3-5.el7.noarch
Apr 29 13:40:33 Updated: setup-2.8.71-10.el7.noarch
Apr 29 13:40:33 Updated: 2:shadow-utils-4.1.5.1-25.el7_6.1.x86_64
Apr 29 13:40:34 Updated: grubby-8.28-25.el7.x86_64
Apr 29 13:40:34 Updated: libssh2-1.4.3-12.el7_6.2.x86_64
Apr 29 13:40:34 Updated: 32:bind-libs-lite-9.9.4-73.el7_6.x86_64
Apr 29 13:40:34 Updated: nss-sysinit-3.36.0-7.1.el7_6.x86_64
Apr 29 13:40:34 Updated: nss-3.36.0-7.1.el7_6.x86_64
Apr 29 13:40:34 Updated: nss-pem-1.0.3-5.el7_6.1.x86_64
Apr 29 13:40:34 Updated: nss-tools-3.36.0-7.1.el7_6.x86_64
Apr 29 13:40:34 Updated: libcurl-7.29.0-51.el7.x86_64
Apr 29 13:40:34 Updated: curl-7.29.0-51.el7.x86_64
Apr 29 13:40:34 Updated: rpm-libs-4.11.3-35.el7.x86_64
Apr 29 13:40:35 Updated: rpm-4.11.3-35.el7.x86_64
Apr 29 13:40:35 Updated: openldap-2.4.44-21.el7_6.x86_64
Apr 29 13:40:35 Updated: gnupg2-2.0.22-5.el7_5.x86_64
Apr 29 13:40:35 Updated: rpm-build-libs-4.11.3-35.el7.x86_64
Apr 29 13:40:35 Updated: rpm-python-4.11.3-35.el7.x86_64
Apr 29 13:40:35 Updated: yum-plugin-fastestmirror-1.1.31-50.el7.noarch
Apr 29 13:40:36 Updated: yum-3.4.3-161.el7.centos.noarch
Apr 29 13:40:37 Updated: binutils-2.27-34.base.el7.x86_64
Apr 29 13:40:37 Updated: logrotate-3.8.6-17.el7.x86_64
Apr 29 13:40:38 Updated: iptables-1.4.21-28.el7.x86_64
Apr 29 13:40:49 Updated: linux-firmware-20180911-69.git85c5d90.el7.noarch
Apr 29 13:40:49 Updated: ipset-libs-6.38-3.el7_6.x86_64
Apr 29 13:40:49 Updated: ipset-6.38-3.el7_6.x86_64
Apr 29 13:40:49 Installed: json-c-0.11-4.el7_0.x86_64
Apr 29 13:40:49 Updated: libfastjson-0.99.4-3.el7.x86_64
Apr 29 13:40:49 Installed: libsmartcols-2.23.2-59.el7_6.1.x86_64
Apr 29 13:40:50 Updated: util-linux-2.23.2-59.el7_6.1.x86_64
Apr 29 13:40:50 Updated: procps-ng-3.3.10-23.el7.x86_64
Apr 29 13:40:50 Updated: kpartx-0.4.9-123.el7.x86_64
Apr 29 13:40:50 Updated: 7:device-mapper-1.02.149-10.el7_6.3.x86_64
Apr 29 13:40:50 Updated: dracut-033-554.el7.x86_64
Apr 29 13:40:50 Updated: kmod-20-23.el7.x86_64
Apr 29 13:40:50 Updated: 7:device-mapper-libs-1.02.149-10.el7_6.3.x86_64
Apr 29 13:40:50 Updated: cryptsetup-libs-2.0.3-3.el7.x86_64
Apr 29 13:40:51 Updated: elfutils-libs-0.172-2.el7.x86_64
Apr 29 13:40:51 Updated: systemd-libs-219-62.el7_6.5.x86_64
Apr 29 13:40:51 Updated: 1:dbus-libs-1.10.24-13.el7_6.x86_64
Apr 29 13:40:53 Updated: systemd-219-62.el7_6.5.x86_64
Apr 29 13:40:54 Updated: 1:dbus-1.10.24-13.el7_6.x86_64
Apr 29 13:40:54 Updated: elfutils-default-yama-scope-0.172-2.el7.noarch
Apr 29 13:40:54 Updated: systemd-sysv-219-62.el7_6.5.x86_64
Apr 29 13:40:54 Updated: initscripts-9.49.46-1.el7.x86_64
Apr 29 13:40:54 Updated: 7:device-mapper-event-libs-1.02.149-10.el7_6.3.x86_64
Apr 29 13:40:54 Installed: 1:grub2-tools-minimal-2.02-0.76.el7.centos.1.x86_64
Apr 29 13:40:55 Installed: 1:grub2-tools-2.02-0.76.el7.centos.1.x86_64
Apr 29 13:40:55 Updated: 1:wpa_supplicant-2.6-12.el7.x86_64
Apr 29 13:40:55 Updated: polkit-0.112-18.el7_6.1.x86_64
Apr 29 13:40:56 Updated: 1:NetworkManager-libnm-1.12.0-10.el7_6.x86_64
Apr 29 13:40:56 Updated: 1:NetworkManager-1.12.0-10.el7_6.x86_64
Apr 29 13:40:56 Updated: 12:dhcp-libs-4.2.5-68.el7.centos.1.x86_64
Apr 29 13:40:57 Updated: policycoreutils-2.5-29.el7_6.1.x86_64
Apr 29 13:41:07 Updated: selinux-policy-3.13.1-229.el7_6.9.noarch
Apr 29 13:41:07 Updated: 12:dhcp-common-4.2.5-68.el7.centos.1.x86_64
Apr 29 13:41:07 Updated: 12:dhclient-4.2.5-68.el7.centos.1.x86_64
Apr 29 13:41:08 Updated: dracut-network-033-554.el7.x86_64
Apr 29 13:41:08 Installed: 1:grub2-tools-extra-2.02-0.76.el7.centos.1.x86_64
Apr 29 13:41:08 Updated: 1:grub2-pc-2.02-0.76.el7.centos.1.x86_64
Apr 29 13:41:08 Updated: 7:device-mapper-event-1.02.149-10.el7_6.3.x86_64
Apr 29 13:41:08 Updated: 7:lvm2-libs-2.02.180-10.el7_6.3.x86_64
Apr 29 13:41:08 Updated: cronie-anacron-1.4.11-20.el7_6.x86_64
Apr 29 13:41:08 Updated: cronie-1.4.11-20.el7_6.x86_64
Apr 29 13:41:09 Updated: kernel-tools-libs-3.10.0-957.10.1.el7.x86_64
Apr 29 13:41:09 Updated: libteam-1.27-5.el7.x86_64
Apr 29 13:41:09 Updated: teamd-1.27-5.el7.x86_64
Apr 29 13:41:09 Updated: libstdc++-4.8.5-36.el7_6.1.x86_64
Apr 29 13:41:09 Updated: 1:mariadb-libs-5.5.60-1.el7_5.x86_64
Apr 29 13:41:10 Updated: kbd-misc-1.15.5-15.el7.noarch
Apr 29 13:41:10 Updated: kbd-1.15.5-15.el7.x86_64
Apr 29 13:41:12 Updated: 2:postfix-2.10.1-7.el7.x86_64
Apr 29 13:41:12 Updated: 1:NetworkManager-team-1.12.0-10.el7_6.x86_64
Apr 29 13:41:12 Updated: kernel-tools-3.10.0-957.10.1.el7.x86_64
Apr 29 13:41:13 Updated: 7:lvm2-2.02.180-10.el7_6.3.x86_64
Apr 29 13:41:13 Installed: 1:grub2-2.02-0.76.el7.centos.1.x86_64
Apr 29 13:41:13 Updated: kexec-tools-2.0.15-21.el7.x86_64
Apr 29 13:41:30 Updated: selinux-policy-targeted-3.13.1-229.el7_6.9.noarch
Apr 29 13:41:30 Updated: 1:NetworkManager-tui-1.12.0-10.el7_6.x86_64
Apr 29 13:41:30 Updated: 1:NetworkManager-wifi-1.12.0-10.el7_6.x86_64
Apr 29 13:41:31 Updated: tuned-2.10.0-6.el7_6.3.noarch
Apr 29 13:41:37 Installed: kernel-3.10.0-957.10.1.el7.x86_64
Apr 29 13:41:37 Updated: audit-2.8.4-4.el7.x86_64
Apr 29 13:41:37 Updated: firewalld-0.5.3-5.el7.noarch
Apr 29 13:41:37 Updated: rsyslog-8.24.0-34.el7.x86_64
Apr 29 13:41:38 Updated: hwdata-0.252-9.1.el7.x86_64
Apr 29 13:41:42 Updated: 2:microcode_ctl-2.1-47.el7.x86_64
Apr 29 13:41:42 Updated: libdrm-2.4.91-3.el7.x86_64
Apr 29 13:41:42 Updated: dracut-config-rescue-033-554.el7.x86_64
Apr 29 13:41:43 Updated: sudo-1.8.23-3.el7.x86_64
Apr 29 13:41:43 Updated: libselinux-python-2.5-14.1.el7.x86_64
Apr 29 13:41:43 Updated: gobject-introspection-1.56.1-1.el7.x86_64
Apr 29 13:41:43 Updated: libcroco-0.6.12-4.el7.x86_64
Apr 29 13:41:43 Updated: e2fsprogs-1.42.9-13.el7.x86_64
Apr 29 13:41:43 Updated: xfsprogs-4.5.0-19.el7_6.x86_64
Apr 29 13:41:43 Updated: 1:openssl-1.0.2k-16.el7_6.1.x86_64
Apr 29 13:41:44 Updated: alsa-lib-1.1.6-2.el7.x86_64
Apr 29 13:41:44 Updated: man-db-2.6.3-11.el7.x86_64
Apr 29 13:41:44 Updated: iprutils-2.4.16.1-1.el7.x86_64
Apr 29 13:41:44 Updated: libgomp-4.8.5-36.el7_6.1.x86_64
Apr 29 13:41:44 Updated: 1:dmidecode-3.1-2.el7.x86_64
Apr 29 13:41:44 Updated: iwl4965-firmware-228.61.2.24-69.el7.noarch
Apr 29 13:41:44 Updated: iwl2030-firmware-18.168.6.1-69.el7.noarch
Apr 29 13:41:44 Updated: iwl105-firmware-18.168.6.1-69.el7.noarch
Apr 29 13:41:44 Updated: iwl5000-firmware-8.83.5.1_1-69.el7.noarch
Apr 29 13:41:45 Updated: iwl6000g2b-firmware-17.168.5.2-69.el7.noarch
Apr 29 13:41:45 Updated: iwl5150-firmware-8.24.2.2-69.el7.noarch
Apr 29 13:41:45 Updated: iwl100-firmware-39.31.5.1-69.el7.noarch
Apr 29 13:41:45 Updated: iwl6000-firmware-9.221.4.1-69.el7.noarch
Apr 29 13:41:45 Updated: 1:iwl1000-firmware-39.31.5.1-69.el7.noarch
Apr 29 13:41:45 Updated: iwl7260-firmware-22.0.7.0-69.el7.noarch
Apr 29 13:41:46 Updated: iwl3160-firmware-22.0.7.0-69.el7.noarch
Apr 29 13:41:46 Updated: iwl3945-firmware-15.32.2.9-69.el7.noarch
Apr 29 13:41:48 Updated: iwl7265-firmware-22.0.7.0-69.el7.noarch
Apr 29 13:41:48 Updated: iwl6050-firmware-41.28.5.1-69.el7.noarch
Apr 29 13:41:48 Updated: iwl2000-firmware-18.168.6.1-69.el7.noarch
Apr 29 13:41:48 Updated: iwl6000g2a-firmware-17.168.5.3-69.el7.noarch
Apr 29 13:41:48 Updated: iwl135-firmware-18.168.6.1-69.el7.noarch
Apr 29 19:10:27 Installed: 1:perl-parent-0.225-244.el7.noarch
Apr 29 19:10:27 Installed: perl-HTTP-Tiny-0.033-3.el7.noarch
Apr 29 19:10:27 Installed: perl-podlators-2.5.1-3.el7.noarch
Apr 29 19:10:27 Installed: perl-Pod-Perldoc-3.20-4.el7.noarch
Apr 29 19:10:27 Installed: 1:perl-Pod-Escapes-1.04-294.el7_6.noarch
Apr 29 19:10:27 Installed: perl-Text-ParseWords-3.29-4.el7.noarch
Apr 29 19:10:27 Installed: perl-Encode-2.51-7.el7.x86_64
Apr 29 19:10:27 Installed: perl-Pod-Usage-1.63-3.el7.noarch
Apr 29 19:10:28 Installed: 4:perl-libs-5.16.3-294.el7_6.x86_64
Apr 29 19:10:28 Installed: 4:perl-macros-5.16.3-294.el7_6.x86_64
Apr 29 19:10:28 Installed: perl-Storable-2.45-3.el7.x86_64
Apr 29 19:10:28 Installed: perl-Exporter-5.68-3.el7.noarch
Apr 29 19:10:28 Installed: perl-constant-1.27-2.el7.noarch
Apr 29 19:10:28 Installed: perl-Time-Local-1.2300-2.el7.noarch
Apr 29 19:10:28 Installed: perl-Carp-1.26-244.el7.noarch
Apr 29 19:10:28 Installed: 4:perl-Time-HiRes-1.9725-3.el7.x86_64
Apr 29 19:10:28 Installed: perl-PathTools-3.40-5.el7.x86_64
Apr 29 19:10:28 Installed: perl-Scalar-List-Utils-1.27-248.el7.x86_64
Apr 29 19:10:28 Installed: perl-File-Temp-0.23.01-3.el7.noarch
Apr 29 19:10:28 Installed: perl-File-Path-2.09-2.el7.noarch
Apr 29 19:10:28 Installed: perl-threads-shared-1.43-6.el7.x86_64
Apr 29 19:10:28 Installed: perl-threads-1.87-4.el7.x86_64
Apr 29 19:10:28 Installed: perl-Filter-1.49-3.el7.x86_64
Apr 29 19:10:28 Installed: perl-Socket-2.010-4.el7.x86_64
Apr 29 19:10:28 Installed: 1:perl-Pod-Simple-3.28-4.el7.noarch
Apr 29 19:10:28 Installed: perl-Getopt-Long-2.40-3.el7.noarch
Apr 29 19:10:31 Installed: 4:perl-5.16.3-294.el7_6.x86_64
Apr 29 19:10:31 Installed: gpm-libs-1.20.7-5.el7.x86_64
Apr 29 19:10:32 Installed: 1:mc-4.8.7-11.el7.x86_64
Apr 29 19:12:16 Installed: wget-1.14-18.el7.x86_64
Apr 29 19:15:05 Installed: mpfr-3.1.1-4.el7.x86_64
Apr 29 19:15:05 Installed: libmpc-1.0.1-3.el7.x86_64
Apr 29 19:15:06 Installed: cpp-4.8.5-36.el7_6.1.x86_64
Apr 29 19:15:07 Installed: kernel-headers-3.10.0-957.10.1.el7.x86_64
Apr 29 19:15:08 Installed: glibc-headers-2.17-260.el7_6.4.x86_64
Apr 29 19:15:08 Installed: glibc-devel-2.17-260.el7_6.4.x86_64
Apr 29 19:15:10 Installed: gcc-4.8.5-36.el7_6.1.x86_64
Apr 29 19:15:30 Installed: m4-1.4.16-10.el7.x86_64
Apr 29 19:15:30 Installed: flex-2.5.37-6.el7.x86_64
Apr 29 19:15:43 Installed: bison-3.0.4-2.el7.x86_64
Apr 29 19:22:41 Installed: ncurses-devel-5.9-14.20130511.el7_4.x86_64
Apr 29 19:23:32 Installed: zlib-devel-1.2.7-18.el7.x86_64
Apr 29 19:23:32 Installed: elfutils-libelf-devel-0.172-2.el7.x86_64
Apr 30 00:45:54 Installed: epel-release-7-11.noarch
Apr 30 00:48:16 Installed: libcom_err-devel-1.42.9-13.el7.x86_64
Apr 30 00:48:16 Installed: libsepol-devel-2.5-10.el7.x86_64
Apr 30 00:48:16 Installed: pcre-devel-8.32-17.el7.x86_64
Apr 30 00:48:17 Installed: libselinux-devel-2.5-14.1.el7.x86_64
Apr 30 00:48:17 Installed: libkadm5-1.15.1-37.el7_6.x86_64
Apr 30 00:48:17 Installed: libverto-devel-0.2.5-4.el7.x86_64
Apr 30 00:48:17 Installed: keyutils-libs-devel-1.5.8-3.el7.x86_64
Apr 30 00:48:17 Installed: krb5-devel-1.15.1-37.el7_6.x86_64
Apr 30 00:48:18 Installed: 1:openssl-devel-1.0.2k-16.el7_6.1.x86_64
Apr 30 00:48:50 Installed: bc-1.06.95-13.el7.x86_64
